[20:59:02] [main/INFO]: Loading Minecraft 1.20.1 with Fabric Loader 0.16.2
[20:59:03] [ForkJoinPool-1-worker-4/WARN]: The mod "dungeons_arise" contains invalid entries in its mod json:
- Unsupported root entry "credits" at line 12 column 12
[20:59:03] [ForkJoinPool-1-worker-2/WARN]: Mod globalpacks uses the version 1.16.1_fabric which isn't compatible with Loader's extended semantic version format (Could not parse version number component '1_fabric'!), SemVer is recommended for reliably evaluating dependencies and prioritizing newer version
[20:59:04] [ForkJoinPool-1-worker-1/WARN]: Mod ultris_mr uses the version 5.6.9c which isn't compatible with Loader's extended semantic version format (Could not parse version number component '9c'!), SemVer is recommended for reliably evaluating dependencies and prioritizing newer version
[20:59:04] [ForkJoinPool-1-worker-3/WARN]: Mod mr_dungeons_andtaverns uses the version 3.0.3.f which isn't compatible with Loader's extended semantic version format (Could not parse version number component 'f'!), SemVer is recommended for reliably evaluating dependencies and prioritizing newer version
[20:59:04] [ForkJoinPool-1-worker-3/WARN]: Mod tectonic uses the version 2.3.5b which isn't compatible with Loader's extended semantic version format (Could not parse version number component '5b'!), SemVer is recommended for reliably evaluating dependencies and prioritizing newer version
[20:59:05] [main/WARN]: Warnings were found!
 - Mod 'Exposure' (exposure) 1.6.0 recommends version 0.5.1-f or later of create, which is missing!
	 - You should install version 0.5.1-f or later of create for the optimal experience.
 - Mod 'Scout' (scout) 2.0.4+1.20.1 recommends version 1.1.3 or later of emi, which is missing!
	 - You should install version 1.1.3 or later of emi for the optimal experience.
 - Mod 'Simply Swords' (simplyswords) 1.55.0-1.20.1 recommends version 1.7.2 or later of bettercombat, which is missing!
	 - You should install version 1.7.2 or later of bettercombat for the optimal experience.
[20:59:05] [main/INFO]: Loading 220 mods:
	- adventurez 1.4.20
	- another_furniture 1.20.1-3.0.1
	- antique-atlas 2.9.0+1.20
	   |-- folk_sisby_kaleido-config 0.3.1+1.3.1
	   \-- surveyor 0.5.0+1.20
	- architectury 9.2.14
	- backported_wolves 1.1.0-1.19.3-1.20.4
	- betterdeserttemples 1.20-Fabric-3.0.3
	   \-- org_reflections_reflections 0.10.2
	- betterdungeons 1.20-Fabric-4.0.4
	- betterendisland 1.20-Fabric-2.0.6
	- betterfortresses 1.20-Fabric-2.0.6
	- betterjungletemples 1.20-Fabric-2.0.5
	- bettermineshafts 1.20-Fabric-4.0.4
	- betteroceanmonuments 1.20-Fabric-3.0.4
	- betterstrongholds 1.20-Fabric-4.0.3
	- betterwitchhuts 1.20-Fabric-3.0.3
	- bosses_of_mass_destruction 1.7.5-1.20.1
	   |-- maelstrom_library 1.6.1-1.20
	   \-- multipart_entities 1.5-1.20
	- c2me 0.2.0+alpha.11.5
	   |-- c2me-base 0.2.0+alpha.11.5
	   |-- c2me-client-uncapvd 0.2.0+alpha.11.5
	   |-- c2me-fixes-chunkio-threading-issues 0.2.0+alpha.11.5
	   |-- c2me-fixes-general-threading-issues 0.2.0+alpha.11.5
	   |-- c2me-fixes-worldgen-threading-issues 0.2.0+alpha.11.5
	   |-- c2me-fixes-worldgen-vanilla-bugs 0.2.0+alpha.11.5
	   |-- c2me-notickvd 0.2.0+alpha.11.5
	   |-- c2me-opts-allocs 0.2.0+alpha.11.5
	   |-- c2me-opts-chunk-access 0.2.0+alpha.11.5
	   |-- c2me-opts-chunkio 0.2.0+alpha.11.5
	   |-- c2me-opts-math 0.2.0+alpha.11.5
	   |-- c2me-opts-scheduling 0.2.0+alpha.11.5
	   |-- c2me-opts-worldgen-general 0.2.0+alpha.11.5
	   |-- c2me-opts-worldgen-vanilla 0.2.0+alpha.11.5
	   |-- c2me-rewrites-chunk-serializer 0.2.0+alpha.11.5
	   |-- c2me-rewrites-chunkio 0.2.0+alpha.11.5
	   |-- c2me-server-utils 0.2.0+alpha.11.5
	   |-- c2me-threading-chunkio 0.2.0+alpha.11.5
	   |-- c2me-threading-lighting 0.2.0+alpha.11.5
	   |-- c2me-threading-worldgen 0.2.0+alpha.11.5
	   |-- com_electronwill_night-config_core 3.6.5
	   |-- com_electronwill_night-config_toml 3.6.5
	   |-- com_ibm_async_asyncutil 0.1.0
	   |-- net_objecthunter_exp4j 0.4.8
	   \-- org_threadly_threadly 7.0
	- cardinal-components 5.2.2
	   |-- cardinal-components-base 5.2.2
	   |-- cardinal-components-block 5.2.2
	   |-- cardinal-components-chunk 5.2.2
	   |-- cardinal-components-entity 5.2.2
	   |-- cardinal-components-item 5.2.2
	   |-- cardinal-components-level 5.2.2
	   |-- cardinal-components-scoreboard 5.2.2
	   \-- cardinal-components-world 5.2.2
	- chunkpregen 0.3.3
	- chunky 1.3.146
	- cicada 0.8.0+1.20.1
	- cloth-config 11.1.118
	   \-- cloth-basic-math 0.6.1
	- collective 7.61
	- comforts 6.3.5+1.20.1
	   \-- spectrelib 0.13.15+1.20.1
	- crab 1.0.2
	- creativecore 2.11.30
	   \-- net_minecraftforge_eventbus 6.0.3
	- creeperoverhaul 3.0.2
	- deeperdarker 1.2.6
	   \-- customportalapi 0.0.1-beta64-1.20
	- do_a_barrel_roll 3.6.0+1.20.1
	   |-- fabric-permissions-api-v0 0.2-SNAPSHOT
	   \-- mixinsquared 0.1.1
	- doubledoors 5.7
	- dungeons_arise 2.1.58
	- dungeons_arise_seven_seas 1.0.2
	- easyanvils 8.0.2
	- easymagic 8.0.1
	- easyshulkerboxes 8.0.2
	   \-- puzzlesapi 8.1.6
	        \-- puzzlesaccessapi 8.0.9
	- elytra_vanilla 1.0.0
	- entityculling 1.6.6
	- exposure 1.6.0
	- fabric-api 0.92.2+1.20.1
	   |-- fabric-api-base 0.4.31+1802ada577
	   |-- fabric-api-lookup-api-v1 1.6.36+1802ada577
	   |-- fabric-biome-api-v1 13.0.13+1802ada577
	   |-- fabric-block-api-v1 1.0.11+1802ada577
	   |-- fabric-block-view-api-v2 1.0.1+1802ada577
	   |-- fabric-blockrenderlayer-v1 1.1.41+1802ada577
	   |-- fabric-client-tags-api-v1 1.1.2+1802ada577
	   |-- fabric-command-api-v1 1.2.34+f71b366f77
	   |-- fabric-command-api-v2 2.2.13+1802ada577
	   |-- fabric-commands-v0 0.2.51+df3654b377
	   |-- fabric-containers-v0 0.1.64+df3654b377
	   |-- fabric-content-registries-v0 4.0.11+1802ada577
	   |-- fabric-convention-tags-v1 1.5.5+1802ada577
	   |-- fabric-crash-report-info-v1 0.2.19+1802ada577
	   |-- fabric-data-attachment-api-v1 1.0.0+de0fd6d177
	   |-- fabric-data-generation-api-v1 12.3.4+1802ada577
	   |-- fabric-dimensions-v1 2.1.54+1802ada577
	   |-- fabric-entity-events-v1 1.6.0+1c78457f77
	   |-- fabric-events-interaction-v0 0.6.2+1802ada577
	   |-- fabric-events-lifecycle-v0 0.2.63+df3654b377
	   |-- fabric-game-rule-api-v1 1.0.40+1802ada577
	   |-- fabric-item-api-v1 2.1.28+1802ada577
	   |-- fabric-item-group-api-v1 4.0.12+1802ada577
	   |-- fabric-key-binding-api-v1 1.0.37+1802ada577
	   |-- fabric-keybindings-v0 0.2.35+df3654b377
	   |-- fabric-lifecycle-events-v1 2.2.22+1802ada577
	   |-- fabric-loot-api-v2 1.2.1+1802ada577
	   |-- fabric-loot-tables-v1 1.1.45+9e7660c677
	   |-- fabric-message-api-v1 5.1.9+1802ada577
	   |-- fabric-mining-level-api-v1 2.1.50+1802ada577
	   |-- fabric-model-loading-api-v1 1.0.3+1802ada577
	   |-- fabric-models-v0 0.4.2+9386d8a777
	   |-- fabric-networking-api-v1 1.3.11+1802ada577
	   |-- fabric-networking-v0 0.3.51+df3654b377
	   |-- fabric-object-builder-api-v1 11.1.3+1802ada577
	   |-- fabric-particles-v1 1.1.2+1802ada577
	   |-- fabric-recipe-api-v1 1.0.21+1802ada577
	   |-- fabric-registry-sync-v0 2.3.3+1802ada577
	   |-- fabric-renderer-api-v1 3.2.1+1802ada577
	   |-- fabric-renderer-indigo 1.5.2+85287f9f77
	   |-- fabric-renderer-registries-v1 3.2.46+df3654b377
	   |-- fabric-rendering-data-attachment-v1 0.3.37+92a0d36777
	   |-- fabric-rendering-fluids-v1 3.0.28+1802ada577
	   |-- fabric-rendering-v0 1.1.49+df3654b377
	   |-- fabric-rendering-v1 3.0.8+1802ada577
	   |-- fabric-resource-conditions-api-v1 2.3.8+1802ada577
	   |-- fabric-resource-loader-v0 0.11.10+1802ada577
	   |-- fabric-screen-api-v1 2.0.8+1802ada577
	   |-- fabric-screen-handler-api-v1 1.3.30+1802ada577
	   |-- fabric-sound-api-v1 1.0.13+1802ada577
	   |-- fabric-transfer-api-v1 3.3.5+8dd72ea377
	   \-- fabric-transitive-access-wideners-v1 4.3.1+1802ada577
	- fabric-language-kotlin 1.11.0+kotlin.2.0.0
	   |-- org_jetbrains_kotlin_kotlin-reflect 2.0.0
	   |-- org_jetbrains_kotlin_kotlin-stdlib 2.0.0
	   |-- org_jetbrains_kotlin_kotlin-stdlib-jdk7 2.0.0
	   |-- org_jetbrains_kotlin_kotlin-stdlib-jdk8 2.0.0
	   |-- org_jetbrains_kotlinx_atomicfu-jvm 0.24.0
	   |-- org_jetbrains_kotlinx_kotlinx-coroutines-core-jvm 1.8.1
	   |-- org_jetbrains_kotlinx_kotlinx-coroutines-jdk8 1.8.1
	   |-- org_jetbrains_kotlinx_kotlinx-datetime-jvm 0.6.0
	   |-- org_jetbrains_kotlinx_kotlinx-serialization-cbor-jvm 1.6.3
	   |-- org_jetbrains_kotlinx_kotlinx-serialization-core-jvm 1.6.3
	   \-- org_jetbrains_kotlinx_kotlinx-serialization-json-jvm 1.6.3
	- fabricloader 0.16.2
	   \-- mixinextras 0.4.1
	- ferritecore 6.0.0
	- forgeconfigapiport 8.0.0
	- friendsandfoes 2.0.10
	- fusion 1.1.1
	- geckolib 4.4.6
	   \-- com_eliotlash_mclib_mclib 20
	- globalpacks 1.16.1_fabric
	- guiclock 4.4
	- guicompass 4.6
	- hangglider 8.0.1
	- immersive_melodies 0.2.0+1.20.1
	- incendium 5.3.5
	- inventorymanagement 1.3.1
	- jamlib 0.6.1+1.20.x
	- java 21
	- konkrete 1.8.1
	- lazydfu 0.1.3
	- lithium 0.11.2
	- melody 1.0.3
	- memoryleakfix 1.1.5
	- midnightlib 1.4.1
	- minecraft 1.20.1
	- moonlight 1.20-2.11.37
	- morebows 1.0.11+1.20.x
	- mr_dungeons_andtaverns 3.0.3.f
	- mysticaloaktree 1.20-1.11
	- netherportalspread 8.1
	- niftycarts 3.0.2+1.20.1
	- noisium 2.0.3+mc1.20-1.20.1
	- notenoughcrashes 4.4.7+1.20.1
	- nullscape 1.2.6
	- nyfsspiders 2.1.1
	- patchouli 1.20.1-84-FABRIC
	   \-- fiber 0.23.0-2
	- pickupnotifier 8.0.0
	- plushies 1.4.0
	- puzzleslib 8.1.20
	- radiantgear 2.1.6+1.20.1
	- resourcefulconfig 2.1.2
	- resourcefullib 2.1.25
	   |-- com_teamresourceful_bytecodecs 1.0.2
	   \-- com_teamresourceful_yabn 1.0.3
	- ribbits 1.20.1-Fabric-3.0.0
	- rightclickharvest 3.2.3+1.19.x-1.20.1-fabric
	- roughlyenoughitems 12.1.725
	   \-- error_notifier 1.0.9
	- sawmill 1.20-1.4.2
	- scout 2.0.4+1.20.1
	   |-- lib39-core 1.5.0-experimental6.1+1.20.1
	   \-- lib39-dessicant 1.5.0-experimental6.1+1.20.1
	- simplyswords 1.55.0-1.20.1
	   \-- spruceui 5.0.0+1.20
	- smartbrainlib 1.14
	- snuffles 1.0.0+1.20
	- sound_physics_remastered 1.20.1-1.1.2
	- supermartijn642corelib 1.1.17
	- tectonic 2.3.5b
	- terralith 2.5.1
	- the_bumblezone 7.4.3+1.20.1-fabric
	   |-- athena 3.1.1
	   \-- noindium 1.1.0+1.20
	- tool_trims 2.1.2
	- torchesntrinkets 0.1-1.20.1
	- trimeffects 1.1.1-fabric
	- trinkets 3.7.2
	- ultris_mr 5.6.9c
	- vcinteraction 1.20.1-1.0.6
	   \-- polymer-registry-sync-manipulator 0.5.0+1.20
	- villagesandpillages 1.0.0
	- voicechat 1.20.1-2.5.16
	   \-- fabric-key-binding-api-v1 1.0.36+fb8d95da82
	- waveycapes 1.4.7
	- weaponmaster 3.0.5
	- wolf_port 1.0.3-1.20.1
	- yet_another_config_lib_v3 3.5.0+1.20.1-fabric
	   |-- com_twelvemonkeys_common_common-image 3.10.0
	   |-- com_twelvemonkeys_common_common-io 3.10.0
	   |-- com_twelvemonkeys_common_common-lang 3.10.0
	   |-- com_twelvemonkeys_imageio_imageio-core 3.10.0
	   |-- com_twelvemonkeys_imageio_imageio-metadata 3.10.0
	   |-- com_twelvemonkeys_imageio_imageio-webp 3.10.0
	   |-- org_quiltmc_parsers_gson 0.2.1
	   \-- org_quiltmc_parsers_json 0.2.1
	- yungsapi 1.20-Fabric-4.0.5
	   \-- org_javassist_javassist 3.29.2-GA
	- yungsbridges 1.20-Fabric-4.0.3
	- yungsextras 1.20-Fabric-4.0.3
[20:59:05] [main/INFO]: SpongePowered MIXIN Subsystem Version=0.8.7 Source=file:/workspaces/Server-Trubitiano/servidor_minecraft/libraries/net/fabricmc/sponge-mixin/0.15.2+mixin.0.8.7/sponge-mixin-0.15.2+mixin.0.8.7.jar Service=Knot/Fabric Env=SERVER
[20:59:05] [main/INFO]: Compatibility level set to JAVA_17
[20:59:06] [main/INFO]: Initializing com.ishland.c2me.base.mixin
[20:59:06] [main/INFO]: Initializing com.ishland.c2me.fixes.chunkio.threading_issues.mixin
[20:59:06] [main/INFO]: Initializing com.ishland.c2me.fixes.general.threading_issues.mixin
[20:59:06] [main/INFO]: Initializing com.ishland.c2me.fixes.worldgen.threading_issues.mixin
[20:59:06] [main/INFO]: Initializing com.ishland.c2me.fixes.worldgen.vanilla_bugs.mixin
[20:59:06] [main/INFO]: Initializing com.ishland.c2me.notickvd.mixin
[20:59:06] [main/INFO]: Initializing com.ishland.c2me.opts.allocs.mixin
[20:59:06] [main/INFO]: Initializing com.ishland.c2me.opts.chunk_access.mixin
[20:59:06] [main/INFO]: Initializing com.ishland.c2me.opts.chunkio.mixin
[20:59:06] [main/INFO]: Initializing com.ishland.c2me.opts.math.mixin
[20:59:06] [main/INFO]: Initializing com.ishland.c2me.opts.scheduling.mixin
[20:59:06] [main/INFO]: Initializing com.ishland.c2me.opts.worldgen.general.mixin
[20:59:06] [main/INFO]: Initializing com.ishland.c2me.opts.worldgen.vanilla.mixin
[20:59:06] [main/INFO]: Initializing com.ishland.c2me.rewrites.chunk_serializer.mixin
[20:59:06] [main/INFO]: Disabling config ioSystem.gcFreeChunkSerializer: Incompatible with architectury@9.2.14 (*) (defined in c2me)
[20:59:06] [main/INFO]: Disabling com.ishland.c2me.rewrites.chunk_serializer.mixin
[20:59:06] [main/INFO]: Initializing com.ishland.c2me.rewrites.chunkio.mixin
[20:59:06] [main/INFO]: Disabling com.ishland.c2me.rewrites.chunkio.mixin
[20:59:06] [main/INFO]: Initializing com.ishland.c2me.server.utils.mixin
[20:59:06] [main/INFO]: Initializing com.ishland.c2me.threading.chunkio.mixin
[20:59:06] [main/INFO]: Initializing com.ishland.c2me.threading.lighting.mixin
[20:59:06] [main/INFO]: Initializing com.ishland.c2me.threading.worldgen.mixin
[20:59:06] [main/INFO]: Disabling com.ishland.c2me.threading.worldgen.mixin
[20:59:06] [main/WARN]: Reference map 'fabric-chunkpregen-refmap.json' for chunkpregen.mixins.json could not be read. If this is a development environment you can ignore this message
[20:59:06] [main/INFO]: Loaded configuration file for Lithium: 115 options available, 3 override(s) found
[20:59:06] [main/WARN]: Reference map 'memoryleakfix-fabric-1.17+-fabric-refmap.json' for memoryleakfix-fabric.mixins.json could not be read. If this is a development environment you can ignore this message
[20:59:06] [main/WARN]: Reference map 'mysticaloaktree-fabric-refmap.json' for mysticaloaktree.mixins.json could not be read. If this is a development environment you can ignore this message
[20:59:06] [main/WARN]: Reference map 'mysticaloaktree-common-refmap.json' for mysticaloaktree-common.mixins.json could not be read. If this is a development environment you can ignore this message
[20:59:06] [main/WARN]: Reference map 'simplyswords-fabric-refmap.json' for simplyswords.mixins.json could not be read. If this is a development environment you can ignore this message
[20:59:06] [main/WARN]: Reference map 'weaponmaster-client-only-fabric-1.20.1-refmap.json' for weaponmaster.mixins.json could not be read. If this is a development environment you can ignore this message
[20:59:06] [main/WARN]: Reference map 'yungsextras.refmap.json' for yungsextras.mixins.json could not be read. If this is a development environment you can ignore this message
[20:59:06] [main/WARN]: Reference map 'yungsextras.refmap.json' for yungsextras_fabric.mixins.json could not be read. If this is a development environment you can ignore this message
[20:59:07] [main/WARN]: Error loading class: net/minecraft/class_636 (java.lang.ClassNotFoundException: net/minecraft/class_636)
[20:59:07] [main/WARN]: @Mixin target net.minecraft.class_636 was not found crab.mixins.json:ClientPlayerInteractionManagerMixin from mod crab
[20:59:07] [main/WARN]: Error loading class: net/minecraft/class_465 (java.lang.ClassNotFoundException: net/minecraft/class_465)
[20:59:07] [main/WARN]: @Mixin target net.minecraft.class_465 was not found creativecore.fabric.mixins.json:AbstractContainerScreenMixin from mod creativecore
[20:59:07] [main/WARN]: Force-disabling mixin 'ai.task.memory_change_counting.BrainMixin' as rule 'mixin.ai.task.memory_change_counting' (added by mods [smartbrainlib]) disables it and children
[20:59:07] [main/WARN]: Force-disabling mixin 'ai.task.memory_change_counting.MultiTickTaskMixin' as rule 'mixin.ai.task.memory_change_counting' (added by mods [smartbrainlib]) disables it and children
[20:59:07] [main/WARN]: Force-disabling mixin 'alloc.blockstate.StateMixin' as rule 'mixin.alloc.blockstate' (added by mods [ferritecore]) disables it and children
[20:59:07] [main/WARN]: Force-disabling mixin 'world.player_chunk_tick.ThreadedAnvilChunkStorageMixin' as rule 'mixin.world.player_chunk_tick' (added by mods [c2me]) disables it and children
[20:59:07] [main/WARN]: Error loading class: net/coderbot/iris/Iris (java.lang.ClassNotFoundException: net/coderbot/iris/Iris)
[20:59:07] [main/WARN]: @Mixin target net.coderbot.iris.Iris was not found notenoughcrashes.fabric.mixins.json:iris.SilentNEC from mod notenoughcrashes
[20:59:07] [main/WARN]: Error loading class: net/minecraft/class_4224 (java.lang.ClassNotFoundException: net/minecraft/class_4224)
[20:59:07] [main/WARN]: @Mixin target net.minecraft.class_4224 was not found sound_physics_remastered.mixins.json:ChannelAccessor from mod sound_physics_remastered
[20:59:07] [main/INFO]: [MemoryLeakFix] Will be applying 1 memory leak fixes!
[20:59:07] [main/INFO]: [MemoryLeakFix] Currently enabled memory leak fixes: [biomeTemperatureLeak]
[20:59:08] [main/WARN]: Error loading class: net/minecraft/class_8609 (java.lang.ClassNotFoundException: net/minecraft/class_8609)
[20:59:08] [main/ERROR]: crab.mixins.json:ServerPlayNetworkHandlerMixin from mod crab: Super class 'net.minecraft.class_8609' of ServerPlayNetworkHandlerMixin was not found in the hierarchy of target class 'net/minecraft/class_3244'
org.spongepowered.asm.mixin.transformer.throwables.InvalidMixinException: Super class 'net.minecraft.class_8609' of ServerPlayNetworkHandlerMixin was not found in the hierarchy of target class 'net/minecraft/class_3244'
	at org.spongepowered.asm.mixin.transformer.MixinInfo$SubType$Standard.validate(MixinInfo.java:593) ~[sponge-mixin-0.15.2+mixin.0.8.7.jar:0.15.2+mixin.0.8.7]
	at org.spongepowered.asm.mixin.transformer.MixinInfo$State.validate(MixinInfo.java:327) ~[sponge-mixin-0.15.2+mixin.0.8.7.jar:0.15.2+mixin.0.8.7]
	at org.spongepowered.asm.mixin.transformer.MixinInfo.validate(MixinInfo.java:913) ~[sponge-mixin-0.15.2+mixin.0.8.7.jar:0.15.2+mixin.0.8.7]
	at org.spongepowered.asm.mixin.transformer.MixinConfig.postInitialise(MixinConfig.java:884) ~[sponge-mixin-0.15.2+mixin.0.8.7.jar:0.15.2+mixin.0.8.7]
	at org.spongepowered.asm.mixin.transformer.MixinProcessor.prepareConfigs(MixinProcessor.java:568) ~[sponge-mixin-0.15.2+mixin.0.8.7.jar:0.15.2+mixin.0.8.7]
	at org.spongepowered.asm.mixin.transformer.MixinProcessor.select(MixinProcessor.java:462) ~[sponge-mixin-0.15.2+mixin.0.8.7.jar:0.15.2+mixin.0.8.7]
	at org.spongepowered.asm.mixin.transformer.MixinProcessor.checkSelect(MixinProcessor.java:438) ~[sponge-mixin-0.15.2+mixin.0.8.7.jar:0.15.2+mixin.0.8.7]
	at org.spongepowered.asm.mixin.transformer.MixinProcessor.applyMixins(MixinProcessor.java:290) ~[sponge-mixin-0.15.2+mixin.0.8.7.jar:0.15.2+mixin.0.8.7]
	at org.spongepowered.asm.mixin.transformer.MixinTransformer.transformClass(MixinTransformer.java:234) ~[sponge-mixin-0.15.2+mixin.0.8.7.jar:0.15.2+mixin.0.8.7]
	at org.spongepowered.asm.mixin.transformer.MixinTransformer.transformClassBytes(MixinTransformer.java:202) ~[sponge-mixin-0.15.2+mixin.0.8.7.jar:0.15.2+mixin.0.8.7]
	at net.fabricmc.loader.impl.launch.knot.KnotClassDelegate.getPostMixinClassByteArray(KnotClassDelegate.java:422) ~[fabric-loader-0.16.2.jar:?]
	at net.fabricmc.loader.impl.launch.knot.KnotClassDelegate.tryLoadClass(KnotClassDelegate.java:323) ~[fabric-loader-0.16.2.jar:?]
	at net.fabricmc.loader.impl.launch.knot.KnotClassDelegate.loadClass(KnotClassDelegate.java:218) ~[fabric-loader-0.16.2.jar:?]
	at net.fabricmc.loader.impl.launch.knot.KnotClassLoader.loadClass(KnotClassLoader.java:119) ~[fabric-loader-0.16.2.jar:?]
	at java.lang.ClassLoader.loadClass(ClassLoader.java:526) ~[?:?]
	at java.lang.Class.forName0(Native Method) ~[?:?]
	at java.lang.Class.forName(Class.java:534) ~[?:?]
	at java.lang.Class.forName(Class.java:513) ~[?:?]
	at net.fabricmc.loader.impl.util.DefaultLanguageAdapter.create(DefaultLanguageAdapter.java:50) ~[fabric-loader-0.16.2.jar:?]
	at net.fabricmc.loader.impl.entrypoint.EntrypointStorage$NewEntry.getOrCreate(EntrypointStorage.java:124) ~[fabric-loader-0.16.2.jar:?]
	at net.fabricmc.loader.impl.entrypoint.EntrypointContainerImpl.getEntrypoint(EntrypointContainerImpl.java:53) ~[fabric-loader-0.16.2.jar:?]
	at net.fabricmc.loader.impl.FabricLoaderImpl.invokeEntrypoints(FabricLoaderImpl.java:399) ~[fabric-loader-0.16.2.jar:?]
	at net.fabricmc.loader.impl.launch.knot.Knot.init(Knot.java:160) ~[fabric-loader-0.16.2.jar:?]
	at net.fabricmc.loader.impl.launch.knot.Knot.launch(Knot.java:68) ~[fabric-loader-0.16.2.jar:?]
	at net.fabricmc.loader.impl.launch.knot.KnotServer.main(KnotServer.java:23) ~[fabric-loader-0.16.2.jar:?]
	at net.fabricmc.loader.impl.launch.server.FabricServerLauncher.main(FabricServerLauncher.java:69) ~[fabric-loader-0.16.2.jar:?]
	at net.fabricmc.installer.ServerLauncher.main(ServerLauncher.java:69) ~[fabric-server-launch.jar:1.0.1]
[20:59:08] [main/WARN]: Error loading class: net/minecraft/unmapped/C_mxrobsgg$C_wdomexrk (java.lang.ClassNotFoundException: net/minecraft/unmapped/C_mxrobsgg$C_wdomexrk)
[20:59:08] [main/WARN]: Error loading class: net/minecraft/server/network/ServerPlayerEntity$2 (java.lang.ClassNotFoundException: net/minecraft/server/network/ServerPlayerEntity$2)
[20:59:08] [main/WARN]: Error loading class: net/minecraft/unmapped/C_mxrobsgg$C_wdomexrk (java.lang.ClassNotFoundException: net/minecraft/unmapped/C_mxrobsgg$C_wdomexrk)
[20:59:08] [main/WARN]: Error loading class: net/minecraft/server/network/ServerPlayerEntity$2 (java.lang.ClassNotFoundException: net/minecraft/server/network/ServerPlayerEntity$2)
[20:59:08] [main/WARN]: Error loading class: net/minecraft/unmapped/C_mxrobsgg$C_wdomexrk (java.lang.ClassNotFoundException: net/minecraft/unmapped/C_mxrobsgg$C_wdomexrk)
[20:59:08] [main/WARN]: Error loading class: net/minecraft/server/network/ServerPlayerEntity$2 (java.lang.ClassNotFoundException: net/minecraft/server/network/ServerPlayerEntity$2)
[20:59:08] [main/INFO]: Initializing MixinExtras via com.llamalad7.mixinextras.service.MixinExtrasServiceImpl(version=0.4.1).
[20:59:16] [main/ERROR]: No data fixer registered for deeperdarker:boat
[20:59:16] [main/ERROR]: No data fixer registered for deeperdarker:chest_boat
[20:59:16] [main/ERROR]: No data fixer registered for deeperdarker:sculk_centipede
[20:59:16] [main/ERROR]: No data fixer registered for deeperdarker:sculk_leech
[20:59:16] [main/ERROR]: No data fixer registered for deeperdarker:sculk_snapper
[20:59:16] [main/ERROR]: No data fixer registered for deeperdarker:shattered
[20:59:16] [main/ERROR]: No data fixer registered for deeperdarker:shriek_worm
[20:59:16] [main/ERROR]: No data fixer registered for deeperdarker:shriek_worm
[20:59:16] [main/INFO]: [rightclickharvest] Initializing VersionUtils
[20:59:16] [main/INFO]: [rightclickharvest] VersionUtils initialized successfully
[20:59:16] [main/INFO]: [STDOUT]: (Quilt Config) Field 'java.lang.Boolean:debugMode' is final! This may cause broken behaviour, and is not recommended. Either move to the new ReflectiveConfig API or remove the final modifier.
[20:59:16] [main/INFO]: [STDOUT]: (Quilt Config) Field 'java.lang.Boolean:shareAllTerrain' is final! This may cause broken behaviour, and is not recommended. Either move to the new ReflectiveConfig API or remove the final modifier.
[20:59:16] [main/INFO]: [STDOUT]: (Quilt Config) Field 'java.lang.Boolean:shareAllStructures' is final! This may cause broken behaviour, and is not recommended. Either move to the new ReflectiveConfig API or remove the final modifier.
[20:59:16] [main/INFO]: [STDOUT]: (Quilt Config) Field 'java.lang.Boolean:shareAllLandmarks' is final! This may cause broken behaviour, and is not recommended. Either move to the new ReflectiveConfig API or remove the final modifier.
[20:59:16] [main/INFO]: [STDOUT]: (Quilt Config) Field 'java.lang.Integer:ticksPerFriendUpdate' is final! This may cause broken behaviour, and is not recommended. Either move to the new ReflectiveConfig API or remove the final modifier.
[20:59:17] [main/INFO]: Initializing Backported-Wolves Config.
[20:59:17] [main/INFO]: backported_wolves registered wolf spawns successfully.
[20:59:17] [main/INFO]: Reflections took 44 ms to scan 1 urls, producing 1 keys and 2 values
[20:59:17] [main/INFO]: Reflections took 3 ms to scan 1 urls, producing 1 keys and 2 values
[20:59:17] [main/INFO]: Reflections took 3 ms to scan 1 urls, producing 1 keys and 3 values
[20:59:17] [main/INFO]: Reflections took 5 ms to scan 1 urls, producing 1 keys and 3 values
[20:59:17] [main/INFO]: Reflections took 3 ms to scan 1 urls, producing 1 keys and 2 values
[20:59:17] [main/INFO]: Reflections took 0 ms to scan 1 urls, producing 1 keys and 2 values
[20:59:17] [main/INFO]: Reflections took 1 ms to scan 1 urls, producing 1 keys and 1 values
[20:59:17] [main/INFO]: Reflections took 2 ms to scan 1 urls, producing 1 keys and 1 values
[20:59:17] [main/INFO]: Reflections took 1 ms to scan 1 urls, producing 1 keys and 3 values
[20:59:17] [main/INFO]: Reflections took 1 ms to scan 1 urls, producing 1 keys and 3 values
[20:59:17] [main/INFO]: Reflections took 3 ms to scan 1 urls, producing 1 keys and 2 values
[20:59:17] [main/INFO]: Reflections took 1 ms to scan 1 urls, producing 1 keys and 2 values
[20:59:17] [main/INFO]: Reflections took 1 ms to scan 1 urls, producing 1 keys and 1 values
[20:59:17] [main/INFO]: Reflections took 1 ms to scan 1 urls, producing 1 keys and 1 values
[20:59:17] [main/INFO]: Reflections took 2 ms to scan 1 urls, producing 1 keys and 2 values
[20:59:17] [main/INFO]: Reflections took 2 ms to scan 1 urls, producing 1 keys and 2 values
[20:59:17] [main/INFO]: Reflections took 3 ms to scan 1 urls, producing 1 keys and 1 values
[20:59:17] [main/INFO]: Reflections took 0 ms to scan 1 urls, producing 1 keys and 1 values
[20:59:17] [main/INFO]: Loading Collective version 7.61.
[20:59:17] [main/INFO]: [STDOUT]: All 4 have been set properly
[20:59:17] [main/INFO]: [STDOUT]: Registered Mod Items for crab
[20:59:18] [main/ERROR]: No data fixer registered for jungle_creeper
[20:59:18] [main/ERROR]: No data fixer registered for bamboo_creeper
[20:59:18] [main/ERROR]: No data fixer registered for desert_creeper
[20:59:18] [main/ERROR]: No data fixer registered for badlands_creeper
[20:59:18] [main/ERROR]: No data fixer registered for hills_creeper
[20:59:18] [main/ERROR]: No data fixer registered for savannah_creeper
[20:59:18] [main/ERROR]: No data fixer registered for mushroom_creeper
[20:59:18] [main/ERROR]: No data fixer registered for swamp_creeper
[20:59:18] [main/ERROR]: No data fixer registered for dripstone_creeper
[20:59:18] [main/ERROR]: No data fixer registered for cave_creeper
[20:59:18] [main/ERROR]: No data fixer registered for dark_oak_creeper
[20:59:18] [main/ERROR]: No data fixer registered for spruce_creeper
[20:59:18] [main/ERROR]: No data fixer registered for beach_creeper
[20:59:18] [main/ERROR]: No data fixer registered for snowy_creeper
[20:59:18] [main/ERROR]: No data fixer registered for ocean_creeper
[20:59:18] [main/INFO]: Deserializing DDConfig from './config/deeperdarker.json5'
[20:59:18] [main/INFO]: Hello Fabric world!
[20:59:18] [main/INFO]: Constructing common components for easyanvils:main
[20:59:18] [Cicada thread 0/INFO]: 'codec good'
[20:59:18] [main/INFO]: Constructing common components for easymagic:main
[20:59:18] [main/INFO]: Constructing common components for easyshulkerboxes:main
[20:59:18] [main/INFO]: Mod loaded successfully
[20:59:18] [main/INFO]: Constructing common components for hangglider:main
[20:59:18] [main/INFO]: [jamlib] Mod initialized!
[20:59:18] [main/INFO]: [KONKRETE] Successfully initialized!
[20:59:18] [main/INFO]: [KONKRETE] Server-side libs ready to use!
[20:59:18] [main/INFO]: [MELODY] Disabling Melody since it's loaded server-side.
[20:59:19] [ForkJoinPool.commonPool-worker-1/INFO]: [Friends&Foes] An update is available! You are using 2.0.10 version, but the latest version is 2.0.16.
[20:59:19] [main/INFO]: Loading Noisium.
[20:59:19] [main/INFO]: Constructing common components for pickupnotifier:main
[20:59:19] [main/INFO]: Constructing common components for puzzlesapi:iteminteractions
[20:59:19] [main/INFO]: Constructing common components for puzzlesapi:slotcycling
[20:59:19] [main/INFO]: Constructing common components for puzzlesapi:limitlesscontainers
[20:59:19] [main/INFO]: Constructing common components for puzzlesapi:statues
[20:59:19] [main/INFO]: Constructing common components for puzzleslib:main
[20:59:19] [main/INFO]: Reflections took 16 ms to scan 1 urls, producing 6 keys and 36 values
[20:59:19] [main/INFO]: Reflections took 12 ms to scan 1 urls, producing 6 keys and 36 values
[20:59:19] [main/INFO]: Registering Ribbit instruments...
[20:59:19] [main/INFO]: Registering Ribbit umbrella types...
[20:59:19] [main/INFO]: Registering Ribbit professions...
[20:59:19] [main/INFO]: Registering Ribbit data serializers...
[20:59:19] [main/INFO]: [jamlib] Registered config for rightclickharvest
[20:59:19] [main/INFO]: [rightclickharvest] Mod initialized!
[20:59:19] [main/INFO]: Registering C2S receiver with id roughlyenoughitems:request_tags_c2s
[20:59:19] [main/INFO]: [REI] Registered plugin provider DefaultPlugin [roughlyenoughitems] for REIPlugin
[20:59:19] [main/INFO]: [REI] Registered plugin provider DefaultRuntimePlugin [roughlyenoughitems] for REIPlugin
[20:59:19] [main/INFO]: [REI] Registered plugin provider DefaultPlugin [roughlyenoughitems] for REIServerPlugin
[20:59:19] [main/INFO]: [REI] Registered plugin provider DefaultRuntimePlugin [roughlyenoughitems] for REIServerPlugin
[20:59:19] [main/INFO]: [REI] Registered plugin provider FabricFluidAPISupportPlugin for REIServerPlugin
[20:59:19] [main/INFO]: [REI] Registered plugin provider FabricFluidAPISupportPlugin for REIPlugin
[20:59:19] [main/INFO]: Registering C2S receiver with id roughlyenoughitems:delete_item
[20:59:19] [main/INFO]: Registering C2S receiver with id roughlyenoughitems:create_item
[20:59:19] [main/INFO]: Registering C2S receiver with id roughlyenoughitems:create_item_grab
[20:59:19] [main/INFO]: Registering C2S receiver with id roughlyenoughitems:create_item_hotbar
[20:59:19] [main/INFO]: Registering C2S receiver with id roughlyenoughitems:move_items
[20:59:19] [main/INFO]: Registering C2S receiver with id roughlyenoughitems:move_items_new
[20:59:19] [main/ERROR]: No data fixer registered for battlestandard
[20:59:19] [main/ERROR]: No data fixer registered for battlestandarddark
[20:59:19] [main/ERROR]: No data fixer registered for simplyswords:simplybeeentity
[20:59:19] [main/INFO]: [STDOUT]: /workspaces/Server-Trubitiano/servidor_minecraft/config
[20:59:19] [main/INFO]: Loading SnufflesConfig...
[20:59:19] [main/INFO]: Reloading reverb parameters
[20:59:19] [main/WARN]: Sound event snuffles:entity.snuffle.step not found
[20:59:19] [main/WARN]: Sound event snuffles:entity.snuffle.shear not found
[20:59:19] [main/WARN]: Sound event snuffles:entity.snuffle.eat not found
[20:59:19] [main/WARN]: Sound event snuffles:entity.snuffle.style not found
[20:59:19] [main/WARN]: Sound event snuffles:block.frosty_fluff.thaw not found
[20:59:19] [main/WARN]: Sound event snuffles:entity.snuffle.death not found
[20:59:19] [main/WARN]: Sound event snuffles:entity.snuffle.shake not found
[20:59:19] [main/WARN]: Sound event snuffles:entity.snuffle.ambient not found
[20:59:19] [main/WARN]: Sound event snuffles:entity.snuffle.hurt not found
[20:59:19] [main/WARN]: Sound event snuffles:entity.snuffle.thaw not found
[20:59:20] [main/INFO]: !?
[20:59:20] [main/INFO]: Registering Mod Items for torchesntrinkets
[20:59:20] [main/INFO]: Registering Item Groups fortorchesntrinkets
[20:59:20] [main/INFO]: [voicechat] Compatibility version 18
[20:59:20] [main/INFO]: [voicechat] Loading plugins
[20:59:20] [main/INFO]: [voicechat] Loaded 2 plugin(s)
[20:59:20] [main/INFO]: [voicechat] Initializing plugins
[20:59:20] [main/INFO]: Initializing Simple Voice Chat integration
[20:59:20] [main/INFO]: [voicechat] Initialized 2 plugin(s)
[20:59:20] [main/INFO]: [voicechat] Registering events for 'sound_physics_remastered'
[20:59:20] [main/INFO]: [voicechat] Registering events for 'vcinteraction'
[20:59:20] [main/INFO]: [STDOUT]: All 81 have been set properly
[20:59:20] [main/INFO]: Reflections took 3 ms to scan 1 urls, producing 1 keys and 4 values
[20:59:20] [main/INFO]: Reflections took 2 ms to scan 1 urls, producing 1 keys and 4 values
[20:59:20] [main/INFO]: Reflections took 1 ms to scan 1 urls, producing 1 keys and 2 values
[20:59:20] [main/INFO]: Reflections took 0 ms to scan 1 urls, producing 1 keys and 2 values
[20:59:20] [main/INFO]: Reflections took 1 ms to scan 1 urls, producing 1 keys and 2 values
[20:59:20] [main/INFO]: Reflections took 1 ms to scan 1 urls, producing 1 keys and 2 values
[20:59:20] [main/INFO]: Initialized block sets in 76ms
[20:59:20] [main/INFO]: Loaded config sawmill-common.json
[20:59:20] [main/INFO]: Initialized color sets in 21ms
[20:59:20] [main/INFO]: Environment: authHost='https://authserver.mojang.com', accountsHost='https://api.mojang.com', sessionHost='https://sessionserver.mojang.com', servicesHost='https://api.minecraftservices.com', name='PROD'
[20:59:23] [main/INFO]: [fabric-registry-sync] Loaded registry data [file 1/4]
[20:59:24] [Worker-Main-3/ERROR]: Couldn't load tag frozenlib:dont_emit_use_game_events as it is missing following references: deeperdarker:transmitter (from fabric)
[20:59:25] [main/INFO]: Intercepted tag results
[20:59:27] [main/INFO]: Generating Sawmill Recipes
[20:59:27] [main/INFO]: Generated Sawmill recipes in 43 milliseconds
[20:59:27] [main/INFO]: Loaded 8 recipes
[20:59:27] [main/INFO]: Loaded 2191 advancements
[20:59:27] [main/INFO]: Loading exposure lenses:
[20:59:27] [main/INFO]: Lens [exposure:spyglass, FocalRange[min=55, max=200]] added.
[20:59:27] [main/INFO]: [REI] ~~~~~~~~~~~~~~~~~~~~~~~~~~~~~~~~~~~~~~~~
[20:59:27] [main/INFO]: [REI] REIPlugin starting main-reload for START.
[20:59:27] [main/INFO]: [REI] Plugins (3):
[20:59:27] [main/INFO]: [REI]  - (-100.00) DefaultPlugin of DefaultPlugin [roughlyenoughitems]
[20:59:27] [main/INFO]: [REI]  - (0.00) FabricFluidAPISupportPlugin
[20:59:27] [main/INFO]: [REI]  - (0.00) DefaultRuntimePlugin of DefaultRuntimePlugin [roughlyenoughitems]
[20:59:27] [main/INFO]: [REI] ~~~~~~~~~~~~~~~~~~~~~~~~~~~~~~~~~~~~~~~~
[20:59:27] [main/INFO]: [REI] ~~~~~~~~~~~~~~~~~~~~~~~~~~~~~~~~~~~~~~~~
[20:59:27] [main/INFO]: [REI] REIServerPlugin starting main-reload for START.
[20:59:27] [main/INFO]: [REI] Plugins (3):
[20:59:27] [main/INFO]: [REI]  - (-100.00) DefaultPlugin of DefaultPlugin [roughlyenoughitems]
[20:59:27] [main/INFO]: [REI]  - (0.00) FabricFluidAPISupportPlugin
[20:59:27] [main/INFO]: [REI]  - (0.00) DefaultRuntimePlugin of DefaultRuntimePlugin [roughlyenoughitems]
[20:59:27] [main/INFO]: [REI] ~~~~~~~~~~~~~~~~~~~~~~~~~~~~~~~~~~~~~~~~
[20:59:27] [main/INFO]: [REI] REIPlugin finished post-reload for START in 2.943 ms, totaling 40.50 ms.
[20:59:27] [main/INFO]: [REI] REIServerPlugin finished post-reload for START in 706.9 μs, totaling 6.235 ms.
[20:59:27] [main/INFO]: [REI] ~~~~~~~~~~~~~~~~~~~~~~~~~~~~~~~~~~~~~~~~
[20:59:27] [main/INFO]: [REI] REIPlugin starting main-reload for END.
[20:59:27] [main/INFO]: [REI] Plugins (3):
[20:59:27] [main/INFO]: [REI]  - (-100.00) DefaultPlugin of DefaultPlugin [roughlyenoughitems]
[20:59:27] [main/INFO]: [REI]  - (0.00) FabricFluidAPISupportPlugin
[20:59:27] [main/INFO]: [REI]  - (0.00) DefaultRuntimePlugin of DefaultRuntimePlugin [roughlyenoughitems]
[20:59:27] [main/INFO]: [REI] ~~~~~~~~~~~~~~~~~~~~~~~~~~~~~~~~~~~~~~~~
[20:59:27] [main/INFO]: [REI] OOOOOOOOOOOOOOOOOOOOOOOOOOOOOOOOOOOOOOOO
[20:59:27] [main/INFO]: [REI] REIServerPlugin starting main-reload for END.
[20:59:27] [main/INFO]: [REI] Plugins (3):
[20:59:27] [main/INFO]: [REI]  - (-100.00) DefaultPlugin of DefaultPlugin [roughlyenoughitems]
[20:59:27] [main/INFO]: [REI]  - (0.00) FabricFluidAPISupportPlugin
[20:59:27] [main/INFO]: [REI]  - (0.00) DefaultRuntimePlugin of DefaultRuntimePlugin [roughlyenoughitems]
[20:59:27] [main/INFO]: [REI] OOOOOOOOOOOOOOOOOOOOOOOOOOOOOOOOOOOOOOOO
[20:59:27] [main/INFO]: [REI] REIPlugin finished post-reload for END in 1.073 ms, totaling 28.40 ms.
[20:59:27] [main/INFO]: [REI] REIServerPlugin finished post-reload for END in 912.6 μs, totaling 6.754 ms.
[20:59:27] [main/WARN]: Not all defined tags for registry ResourceKey[minecraft:root / minecraft:block] are present in data pack: 1_splatus:spellbound/hot
[20:59:28] [main/INFO]: Applied 12 data villager trades
[20:59:29] [main/INFO]: Applied 1469 biome modifications to 172 of 185 new biomes in 64.33 ms
[20:59:29] [Server thread/INFO]: Loading server config for easyanvils
[20:59:29] [Thread-2/INFO]: Reloading server config for easyanvils
[20:59:29] [Thread-2/INFO]: Reloading server config for easyanvils
[20:59:29] [Server thread/INFO]: Loading server config for easymagic
[20:59:29] [Thread-2/INFO]: Reloading server config for easymagic
[20:59:29] [Thread-2/INFO]: Reloading server config for easymagic
[20:59:29] [Server thread/INFO]: Loading server config for hangglider
[20:59:29] [Thread-2/INFO]: Reloading server config for hangglider
[20:59:29] [Server thread/INFO]: Loading server config for pickupnotifier
[20:59:29] [Server thread/INFO]: Loading server config for puzzlesapi
[20:59:29] [Thread-2/INFO]: Reloading server config for hangglider
[20:59:29] [Server thread/INFO]: Injecting Carpenter Village Houses
[20:59:29] [Server thread/INFO]: Starting minecraft server version 1.20.1
[20:59:29] [Server thread/INFO]: Loading properties
[20:59:29] [Server thread/INFO]: Default game type: SURVIVAL
[20:59:29] [Server thread/INFO]: Generating keypair
[20:59:29] [Server thread/INFO]: Starting Minecraft server on *:25565
[20:59:29] [Server thread/INFO]: Using epoll channel type
[20:59:29] [Server thread/WARN]: **** SERVER IS RUNNING IN OFFLINE/INSECURE MODE!
[20:59:29] [Server thread/WARN]: The server will make no attempt to authenticate usernames. Beware.
[20:59:29] [Server thread/WARN]: While this makes the game possible to play without internet access, it also opens up the ability for hackers to connect with any username they choose.
[20:59:29] [Server thread/WARN]: To change this, set "online-mode" to "true" in the server.properties file.
[20:59:29] [Server thread/INFO]: Preparing level "world"
[20:59:29] [Server thread/INFO]: Enforcing safe world random access
[20:59:29] [Server thread/INFO]: [Surveyor] Loading data for minecraft:overworld
[20:59:30] [Server thread/INFO]: [Surveyor] Finished loading data for minecraft:overworld
[20:59:31] [Server thread/INFO]: [Surveyor] Loading data for the_bumblezone:the_bumblezone
[20:59:31] [Server thread/INFO]: [Surveyor] Finished loading data for the_bumblezone:the_bumblezone
[20:59:34] [Server thread/INFO]: [Surveyor] Loading data for deeperdarker:otherside
[20:59:34] [Server thread/INFO]: [Surveyor] Finished loading data for deeperdarker:otherside
[20:59:34] [Server thread/INFO]: [Surveyor] Loading data for minecraft:the_nether
[20:59:34] [Server thread/INFO]: [Surveyor] Finished loading data for minecraft:the_nether
[20:59:34] [Server thread/INFO]: [Surveyor] Loading data for minecraft:the_end
[20:59:34] [Server thread/INFO]: [Surveyor] Finished loading data for minecraft:the_end
[20:59:34] [Server thread/INFO]: Preparing start region for dimension minecraft:overworld
[20:59:35] [Worker-Main-2/INFO]: Preparing spawn area: 0%
[20:59:35] [Worker-Main-1/INFO]: Preparing spawn area: 0%
[20:59:35] [Server thread/INFO]: Preparing spawn area: 0%
[20:59:36] [Worker-Main-1/INFO]: Preparing spawn area: 0%
[20:59:37] [Worker-Main-2/INFO]: Preparing spawn area: 5%
[20:59:37] [Worker-Main-2/INFO]: Preparing spawn area: 5%
[20:59:37] [Worker-Main-2/INFO]: Preparing spawn area: 5%
[20:59:38] [Worker-Main-1/INFO]: Preparing spawn area: 5%
[20:59:38] [Worker-Main-3/INFO]: Preparing spawn area: 11%
[20:59:39] [Worker-Main-2/INFO]: Preparing spawn area: 14%
[20:59:39] [Worker-Main-2/INFO]: Preparing spawn area: 20%
[20:59:40] [Worker-Main-2/INFO]: Preparing spawn area: 36%
[20:59:40] [Worker-Main-3/INFO]: Preparing spawn area: 56%
[20:59:41] [Worker-Main-3/INFO]: Preparing spawn area: 82%
[20:59:42] [Worker-Main-2/INFO]: Preparing spawn area: 100%
[20:59:42] [Server thread/INFO]: Time elapsed: 7314 ms
[20:59:42] [Server thread/INFO]: Done (12.647s)! For help, type "help"
[20:59:42] [Server thread/WARN]: [voicechat] Running in offline mode - Voice chat encryption is not secure!
[20:59:42] [VoiceChatServerThread/INFO]: [voicechat] Voice chat server started at port 24454
[21:00:55] [Server thread/WARN]: Error loading class: net/minecraft/unmapped/C_mxrobsgg$C_wdomexrk (java.lang.ClassNotFoundException: net/minecraft/unmapped/C_mxrobsgg$C_wdomexrk)
[21:00:55] [Server thread/WARN]: Error loading class: net/minecraft/server/network/ServerPlayerEntity$2 (java.lang.ClassNotFoundException: net/minecraft/server/network/ServerPlayerEntity$2)
[21:00:55] [Server thread/INFO]: Robert_Rum34[/127.49.2.96:40643] logged in with entity id 175 at (629.3271616024638, 119.0, -975.202230795095)
[21:00:55] [Server thread/INFO]: [voicechat] Using Fabric Permissions API
[21:00:55] [Server thread/INFO]: Robert_Rum34 joined the game
[21:01:00] [Netty Epoll Server IO #2/INFO]: [do_a_barrel_roll] Client of Robert_Rum34 accepted server config.
[21:01:00] [Server thread/INFO]: [voicechat] Received secret request of Robert_Rum34 (18)
[21:01:00] [Server thread/INFO]: [voicechat] Sent secret to Robert_Rum34
[21:01:31] [Server thread/INFO]: [Not Secure] <Robert_Rum34> hola
[21:05:53] [Server thread/INFO]: GabrielM3[/127.230.205.80:48165] logged in with entity id 1152 at (631.596645184433, 129.0, -969.5556743777654)
[21:05:53] [Server thread/INFO]: GabrielM3 joined the game
[21:05:53] [Server thread/INFO]: [voicechat] Received secret request of GabrielM3 (18)
[21:05:53] [Server thread/INFO]: [voicechat] Sent secret to GabrielM3
[21:05:56] [Netty Epoll Server IO #5/INFO]: [do_a_barrel_roll] Client of GabrielM3 accepted server config.
[21:06:10] [Server thread/INFO]: GabrielM3 lost connection: Disconnected
[21:06:10] [Server thread/INFO]: GabrielM3 left the game
[21:06:10] [Server thread/INFO]: [voicechat] Disconnecting client GabrielM3
[21:06:12] [Server thread/INFO]: GabrielM3[/127.230.205.80:55845] logged in with entity id 1169 at (630.1317082242233, 129.0, -966.5300468609789)
[21:06:12] [Server thread/INFO]: GabrielM3 joined the game
[21:06:12] [Server thread/INFO]: [voicechat] Received secret request of GabrielM3 (18)
[21:06:12] [Server thread/INFO]: [voicechat] Sent secret to GabrielM3
[21:06:13] [Server thread/INFO]: [Not Secure] <Robert_Rum34> Gabriel ven sorprendemos a Trubi
[21:06:13] [Netty Epoll Server IO #7/INFO]: [do_a_barrel_roll] Client of GabrielM3 accepted server config.
[21:06:32] [Server thread/INFO]: [Not Secure] <GabrielM3> espera
[21:06:36] [Server thread/INFO]: GabrielM3 lost connection: Disconnected
[21:06:36] [Server thread/INFO]: GabrielM3 left the game
[21:06:36] [Server thread/INFO]: [voicechat] Disconnecting client GabrielM3
[21:07:12] [Server thread/WARN]: Can't keep up! Is the server overloaded? Running 2147ms or 42 ticks behind
[21:07:14] [Server thread/INFO]: Trubite24[/127.106.248.68:36185] logged in with entity id 1324 at (634.0930950717776, 127.5625, -963.1536790872588)
[21:07:14] [Server thread/INFO]: Trubite24 joined the game
[21:07:15] [Server thread/INFO]: [voicechat] Received secret request of Trubite24 (18)
[21:07:15] [Server thread/INFO]: [voicechat] Sent secret to Trubite24
[21:07:16] [Netty Epoll Server IO #2/INFO]: [do_a_barrel_roll] Client of Trubite24 accepted server config.
[21:07:49] [Server thread/INFO]: [Not Secure] <Robert_Rum34> ven
[21:08:03] [Server thread/INFO]: [Not Secure] <Robert_Rum34> cual quieres
[21:08:30] [Server thread/INFO]: [Not Secure] <Robert_Rum34> me costo mucho
[21:08:59] [Server thread/INFO]: [Not Secure] <Robert_Rum34> fuy a una casa grande con mobs chetados
[21:09:06] [Server thread/WARN]: Can't keep up! Is the server overloaded? Running 2109ms or 42 ticks behind
[21:09:14] [Server thread/INFO]: [Not Secure] <Robert_Rum34> trubite mira
[21:09:51] [Server thread/INFO]: [Not Secure] <Robert_Rum34> es pa ti mano
[21:10:29] [Server thread/INFO]: [Not Secure] <Robert_Rum34> trubi mira esto
[21:10:43] [Server thread/INFO]: [Not Secure] <Robert_Rum34> es rapido
[21:11:32] [Server thread/INFO]: [Not Secure] <Robert_Rum34> trubi si te ayuda bien
[21:12:28] [Server thread/INFO]: [Not Secure] <Robert_Rum34> toma
[21:13:37] [Server thread/INFO]: [Not Secure] <Robert_Rum34> cuidado cuando salga el enderman rosa
[21:14:43] [Server thread/INFO]: [Not Secure] <Robert_Rum34> a mimir
[21:15:19] [Server thread/INFO]: Trubite24 has made the advancement [A Seedy Place]
[21:15:25] [Server thread/INFO]: [Not Secure] <Robert_Rum34> nooo
[21:18:33] [Server thread/INFO]: GabrielM3[/127.230.205.80:48055] logged in with entity id 3661 at (630.0405982637575, 129.0, -966.3417148723133)
[21:18:33] [Server thread/INFO]: GabrielM3 joined the game
[21:18:37] [Netty Epoll Server IO #2/INFO]: [do_a_barrel_roll] Client of GabrielM3 accepted server config.
[21:18:37] [Server thread/INFO]: [voicechat] Received secret request of GabrielM3 (18)
[21:18:37] [Server thread/INFO]: [voicechat] Sent secret to GabrielM3
[21:20:01] [Server thread/WARN]: Trubite24 moved too quickly! 5.651999559065985,0.0,8.479494893353717
[21:20:01] [Server thread/WARN]: Can't keep up! Is the server overloaded? Running 2205ms or 44 ticks behind
[21:22:35] [Server thread/INFO]: [Not Secure] <Robert_Rum34> puedo ir con vosotros
[21:22:39] [Server thread/INFO]: [Not Secure] <GabrielM3> yes
[21:23:04] [Server thread/WARN]: GabrielM3 moved too quickly! -8.906241869271355,-1.9642517098257741,-4.4805783675178645
[21:23:04] [Server thread/WARN]: Robert_Rum34 moved too quickly! -9.393395404253454,0.8800391385729398,-3.5299232148861392
[21:23:05] [Server thread/WARN]: Can't keep up! Is the server overloaded? Running 2907ms or 58 ticks behind
[21:23:30] [Server thread/INFO]: Robert_Rum34 has made the advancement [Bewitched]
[21:24:23] [Server thread/INFO]: [Robert_Rum34: Teleported Robert_Rum34 to GabrielM3]
[21:24:33] [Server thread/WARN]: Can't keep up! Is the server overloaded? Running 2169ms or 43 ticks behind
[21:24:54] [Server thread/WARN]: Can't keep up! Is the server overloaded? Running 6301ms or 126 ticks behind
[21:25:23] [Server thread/INFO]: [Robert_Rum34: Teleported Robert_Rum34 to Trubite24]
[21:27:23] [Server thread/INFO]: Trubite24 has made the advancement [Not Today, Thank You]
[21:29:26] [Server thread/INFO]: [Robert_Rum34: Teleported Robert_Rum34 to Trubite24]
[21:30:01] [Server thread/WARN]: GabrielM3 moved too quickly! -8.232250779931519,-0.5061351021062137,5.762214059175108
[21:30:02] [Server thread/WARN]: Can't keep up! Is the server overloaded? Running 2011ms or 40 ticks behind
[21:30:03] [Server thread/INFO]: Robert_Rum34 has made the advancement [Local Brewery]
[21:30:06] [Server thread/WARN]: Tried to load a DUMMY block entity @ class_2338{x=-423, y=36, z=-736} but found not block entity block Block{minecraft:water}[level=7] at location
[21:30:06] [Server thread/WARN]: Tried to load a block entity for block Block{minecraft:water}[level=7] but failed at location class_2338{x=-423, y=36, z=-736}
[21:30:22] [Worker-Main-5/ERROR]: Detected setBlock in a far chunk [-51, -59], pos: class_2339{x=-816, y=-46, z=-941}, status: minecraft:features, currently generating: ResourceKey[minecraft:worldgen/placed_feature / terralith:cave/thermal/dripstone]
[21:30:23] [Worker-Main-5/WARN]: Ignoring unknown attribute 'forge:entity_gravity'
[21:30:23] [Worker-Main-5/WARN]: Ignoring unknown attribute 'forge:entity_gravity'
[21:30:23] [Worker-Main-5/WARN]: Ignoring unknown attribute 'forge:entity_gravity'
[21:30:23] [Worker-Main-5/WARN]: Ignoring unknown attribute 'forge:entity_gravity'
[21:30:26] [Worker-Main-4/WARN]: Ignoring unknown attribute 'forge:entity_gravity'
[21:30:26] [Worker-Main-6/WARN]: Ignoring unknown attribute 'forge:entity_gravity'
[21:30:26] [Worker-Main-6/WARN]: Ignoring unknown attribute 'forge:entity_gravity'
[21:30:26] [Worker-Main-6/WARN]: Ignoring unknown attribute 'forge:entity_gravity'
[21:30:31] [Worker-Main-6/WARN]: Ignoring unknown attribute 'forge:entity_gravity'
[21:30:53] [Server thread/INFO]: [Robert_Rum34: Teleported Robert_Rum34 to GabrielM3]
